#-----------------------------------------------------------
# Vivado v2019.2 (64-bit)
# SW Build 2708876 on Wed Nov  6 21:40:23 MST 2019
# IP Build 2700528 on Thu Nov  7 00:09:20 MST 2019
# Start of session at: Mon Jul 20 12:30:25 2020
# Process ID: 11068
# Current directory: E:/CPU/MIPS32CPU/MIPS32CPU_GaHo
# Command line: vivado.exe -gui_launcher_event rodinguilauncherevent6516 E:\CPU\MIPS32CPU\MIPS32CPU_GaHo\MIPS32CPU_GaHo.xpr
# Log file: E:/CPU/MIPS32CPU/MIPS32CPU_GaHo/vivado.log
# Journal file: E:/CPU/MIPS32CPU/MIPS32CPU_GaHo\vivado.jou
#-----------------------------------------------------------
start_gui
open_project E:/CPU/MIPS32CPU/MIPS32CPU_GaHo/MIPS32CPU_GaHo.xpr
Scanning sources...
Finished scanning sources
INFO: [IP_Flow 19-234] Refreshing IP repositories
INFO: [IP_Flow 19-1704] No user IP repositories specified
INFO: [IP_Flow 19-2313] Loaded Vivado IP repository 'D:/Xilinx/Vivado/2019.2/data/ip'.
open_project: Time (s): cpu = 00:00:17 ; elapsed = 00:00:06 . Memory (MB): peak = 794.785 ; gain = 159.367
update_compile_order -fileset sources_1
launch_simulation
Command: launch_simulation 
INFO: [Vivado 12-5682] Launching behavioral simulation in 'E:/CPU/MIPS32CPU/MIPS32CPU_GaHo/MIPS32CPU_GaHo.sim/sim_1/behav/xsim'
INFO: [SIM-utils-51] Simulation object is 'sim_1'
INFO: [SIM-utils-54] Inspecting design source files for 'openmips_min_sopc_tb' in fileset 'sim_1'...
INFO: [USF-XSim-97] Finding global include files...
INFO: [USF-XSim-98] Fetching design files from 'sim_1'...
INFO: [USF-XSim-2] XSim::Compile design
INFO: [USF-XSim-61] Executing 'COMPILE and ANALYZE' step in 'E:/CPU/MIPS32CPU/MIPS32CPU_GaHo/MIPS32CPU_GaHo.sim/sim_1/behav/xsim'
"xvlog --incr --relax -prj openmips_min_sopc_tb_vlog.prj"
INFO: [VRFC 10-2263] Analyzing Verilog file "E:/CPU/MIPS32CPU/MIPS32CPU_GaHo/MIPS32CPU_GaHo.srcs/sources_1/new/defines.v" into library xil_defaultlib
INFO: [VRFC 10-2263] Analyzing Verilog file "E:/CPU/MIPS32CPU/MIPS32CPU_GaHo/MIPS32CPU_GaHo.srcs/sources_1/new/LLbit_reg.v" into library xil_defaultlib
INFO: [VRFC 10-311] analyzing module LLbit_reg
INFO: [VRFC 10-2263] Analyzing Verilog file "E:/CPU/MIPS32CPU/MIPS32CPU_GaHo/MIPS32CPU_GaHo.srcs/sources_1/new/ctrl.v" into library xil_defaultlib
INFO: [VRFC 10-311] analyzing module ctrl
INFO: [VRFC 10-2263] Analyzing Verilog file "E:/CPU/MIPS32CPU/MIPS32CPU_GaHo/MIPS32CPU_GaHo.srcs/sources_1/new/data_ram.v" into library xil_defaultlib
INFO: [VRFC 10-311] analyzing module data_ram
INFO: [VRFC 10-2263] Analyzing Verilog file "E:/CPU/MIPS32CPU/MIPS32CPU_GaHo/MIPS32CPU_GaHo.srcs/sources_1/new/div.v" into library xil_defaultlib
INFO: [VRFC 10-311] analyzing module div
INFO: [VRFC 10-2263] Analyzing Verilog file "E:/CPU/MIPS32CPU/MIPS32CPU_GaHo/MIPS32CPU_GaHo.srcs/sources_1/new/ex.v" into library xil_defaultlib
INFO: [VRFC 10-311] analyzing module ex
INFO: [VRFC 10-2263] Analyzing Verilog file "E:/CPU/MIPS32CPU/MIPS32CPU_GaHo/MIPS32CPU_GaHo.srcs/sources_1/new/ex_to_mem.v" into library xil_defaultlib
INFO: [VRFC 10-311] analyzing module ex_mem
INFO: [VRFC 10-2263] Analyzing Verilog file "E:/CPU/MIPS32CPU/MIPS32CPU_GaHo/MIPS32CPU_GaHo.srcs/sources_1/new/hilo_reg.v" into library xil_defaultlib
INFO: [VRFC 10-311] analyzing module hilo_reg
INFO: [VRFC 10-2263] Analyzing Verilog file "E:/CPU/MIPS32CPU/MIPS32CPU_GaHo/MIPS32CPU_GaHo.srcs/sources_1/new/id.v" into library xil_defaultlib
INFO: [VRFC 10-311] analyzing module id
INFO: [VRFC 10-2263] Analyzing Verilog file "E:/CPU/MIPS32CPU/MIPS32CPU_GaHo/MIPS32CPU_GaHo.srcs/sources_1/new/id_to_ex.v" into library xil_defaultlib
INFO: [VRFC 10-311] analyzing module id_ex
INFO: [VRFC 10-2263] Analyzing Verilog file "E:/CPU/MIPS32CPU/MIPS32CPU_GaHo/MIPS32CPU_GaHo.srcs/sources_1/new/if_to_id.v" into library xil_defaultlib
INFO: [VRFC 10-311] analyzing module if_id
INFO: [VRFC 10-2263] Analyzing Verilog file "E:/CPU/MIPS32CPU/MIPS32CPU_GaHo/MIPS32CPU_GaHo.srcs/sources_1/new/mem.v" into library xil_defaultlib
INFO: [VRFC 10-311] analyzing module mem
INFO: [VRFC 10-2263] Analyzing Verilog file "E:/CPU/MIPS32CPU/MIPS32CPU_GaHo/MIPS32CPU_GaHo.srcs/sources_1/new/mem_wb.v" into library xil_defaultlib
INFO: [VRFC 10-311] analyzing module mem_wb
INFO: [VRFC 10-2263] Analyzing Verilog file "E:/CPU/MIPS32CPU/MIPS32CPU_GaHo/MIPS32CPU_GaHo.srcs/sources_1/new/mips32.v" into library xil_defaultlib
INFO: [VRFC 10-311] analyzing module openmips
INFO: [VRFC 10-2263] Analyzing Verilog file "E:/CPU/MIPS32CPU/MIPS32CPU_GaHo/MIPS32CPU_GaHo.srcs/sources_1/new/mips32_sopc.v" into library xil_defaultlib
INFO: [VRFC 10-311] analyzing module openmips_min_sopc
INFO: [VRFC 10-2263] Analyzing Verilog file "E:/CPU/MIPS32CPU/MIPS32CPU_GaHo/MIPS32CPU_GaHo.srcs/sources_1/new/pc_reg.v" into library xil_defaultlib
INFO: [VRFC 10-311] analyzing module pc_reg
INFO: [VRFC 10-2263] Analyzing Verilog file "E:/CPU/MIPS32CPU/MIPS32CPU_GaHo/MIPS32CPU_GaHo.srcs/sources_1/new/regfile.v" into library xil_defaultlib
INFO: [VRFC 10-311] analyzing module regfile
INFO: [VRFC 10-2263] Analyzing Verilog file "E:/CPU/MIPS32CPU/MIPS32CPU_GaHo/MIPS32CPU_GaHo.srcs/sources_1/new/rom.v" into library xil_defaultlib
INFO: [VRFC 10-311] analyzing module inst_rom
INFO: [VRFC 10-2263] Analyzing Verilog file "E:/CPU/MIPS32CPU/MIPS32CPU_GaHo/MIPS32CPU_GaHo.srcs/sim_1/new/mips32_sopc_tb.v" into library xil_defaultlib
INFO: [VRFC 10-311] analyzing module openmips_min_sopc_tb
INFO: [USF-XSim-69] 'compile' step finished in '2' seconds
INFO: [USF-XSim-3] XSim::Elaborate design
INFO: [USF-XSim-61] Executing 'ELABORATE' step in 'E:/CPU/MIPS32CPU/MIPS32CPU_GaHo/MIPS32CPU_GaHo.sim/sim_1/behav/xsim'
"xelab -wto 147b1046f85a49a8bdeeda75a86281be --incr --debug typical --relax --mt 2 -L xil_defaultlib -L unisims_ver -L unimacro_ver -L secureip --snapshot openmips_min_sopc_tb_behav xil_defaultlib.openmips_min_sopc_tb xil_defaultlib.glbl -log elaborate.log"
Vivado Simulator 2019.2
Copyright 1986-1999, 2001-2019 Xilinx, Inc. All Rights Reserved.
Running: D:/Xilinx/Vivado/2019.2/bin/unwrapped/win64.o/xelab.exe -wto 147b1046f85a49a8bdeeda75a86281be --incr --debug typical --relax --mt 2 -L xil_defaultlib -L unisims_ver -L unimacro_ver -L secureip --snapshot openmips_min_sopc_tb_behav xil_defaultlib.openmips_min_sopc_tb xil_defaultlib.glbl -log elaborate.log 
Using 2 slave threads.
Starting static elaboration
Pass Through NonSizing Optimizer
WARNING: [VRFC 10-3091] actual bit length 1 differs from formal bit length 4 for port 'ram_ce_o' [E:/CPU/MIPS32CPU/MIPS32CPU_GaHo/MIPS32CPU_GaHo.srcs/sources_1/new/mips32_sopc.v:36]
WARNING: [VRFC 10-3091] actual bit length 4 differs from formal bit length 1 for port 'mem_ce_o' [E:/CPU/MIPS32CPU/MIPS32CPU_GaHo/MIPS32CPU_GaHo.srcs/sources_1/new/mips32.v:390]
Completed static elaboration
Starting simulation data flow analysis
WARNING: [XSIM 43-4099] "E:/CPU/MIPS32CPU/MIPS32CPU_GaHo/MIPS32CPU_GaHo.srcs/sources_1/new/mips32_sopc.v" Line 4. Module openmips_min_sopc doesn't have a timescale but at least one module in design has a timescale.
WARNING: [XSIM 43-4099] "E:/CPU/MIPS32CPU/MIPS32CPU_GaHo/MIPS32CPU_GaHo.srcs/sources_1/new/mips32.v" Line 4. Module openmips doesn't have a timescale but at least one module in design has a timescale.
WARNING: [XSIM 43-4099] "E:/CPU/MIPS32CPU/MIPS32CPU_GaHo/MIPS32CPU_GaHo.srcs/sources_1/new/pc_reg.v" Line 4. Module pc_reg doesn't have a timescale but at least one module in design has a timescale.
WARNING: [XSIM 43-4099] "E:/CPU/MIPS32CPU/MIPS32CPU_GaHo/MIPS32CPU_GaHo.srcs/sources_1/new/if_to_id.v" Line 4. Module if_id doesn't have a timescale but at least one module in design has a timescale.
WARNING: [XSIM 43-4099] "E:/CPU/MIPS32CPU/MIPS32CPU_GaHo/MIPS32CPU_GaHo.srcs/sources_1/new/id.v" Line 4. Module id doesn't have a timescale but at least one module in design has a timescale.
WARNING: [XSIM 43-4099] "E:/CPU/MIPS32CPU/MIPS32CPU_GaHo/MIPS32CPU_GaHo.srcs/sources_1/new/regfile.v" Line 4. Module regfile doesn't have a timescale but at least one module in design has a timescale.
WARNING: [XSIM 43-4099] "E:/CPU/MIPS32CPU/MIPS32CPU_GaHo/MIPS32CPU_GaHo.srcs/sources_1/new/id_to_ex.v" Line 4. Module id_ex doesn't have a timescale but at least one module in design has a timescale.
WARNING: [XSIM 43-4099] "E:/CPU/MIPS32CPU/MIPS32CPU_GaHo/MIPS32CPU_GaHo.srcs/sources_1/new/ex.v" Line 4. Module ex doesn't have a timescale but at least one module in design has a timescale.
WARNING: [XSIM 43-4099] "E:/CPU/MIPS32CPU/MIPS32CPU_GaHo/MIPS32CPU_GaHo.srcs/sources_1/new/ex_to_mem.v" Line 4. Module ex_mem doesn't have a timescale but at least one module in design has a timescale.
WARNING: [XSIM 43-4099] "E:/CPU/MIPS32CPU/MIPS32CPU_GaHo/MIPS32CPU_GaHo.srcs/sources_1/new/mem.v" Line 4. Module mem doesn't have a timescale but at least one module in design has a timescale.
WARNING: [XSIM 43-4099] "E:/CPU/MIPS32CPU/MIPS32CPU_GaHo/MIPS32CPU_GaHo.srcs/sources_1/new/mem_wb.v" Line 4. Module mem_wb doesn't have a timescale but at least one module in design has a timescale.
WARNING: [XSIM 43-4099] "E:/CPU/MIPS32CPU/MIPS32CPU_GaHo/MIPS32CPU_GaHo.srcs/sources_1/new/hilo_reg.v" Line 4. Module hilo_reg doesn't have a timescale but at least one module in design has a timescale.
WARNING: [XSIM 43-4099] "E:/CPU/MIPS32CPU/MIPS32CPU_GaHo/MIPS32CPU_GaHo.srcs/sources_1/new/ctrl.v" Line 4. Module ctrl doesn't have a timescale but at least one module in design has a timescale.
WARNING: [XSIM 43-4099] "E:/CPU/MIPS32CPU/MIPS32CPU_GaHo/MIPS32CPU_GaHo.srcs/sources_1/new/div.v" Line 3. Module div doesn't have a timescale but at least one module in design has a timescale.
WARNING: [XSIM 43-4099] "E:/CPU/MIPS32CPU/MIPS32CPU_GaHo/MIPS32CPU_GaHo.srcs/sources_1/new/LLbit_reg.v" Line 4. Module LLbit_reg doesn't have a timescale but at least one module in design has a timescale.
WARNING: [XSIM 43-4099] "E:/CPU/MIPS32CPU/MIPS32CPU_GaHo/MIPS32CPU_GaHo.srcs/sources_1/new/rom.v" Line 4. Module inst_rom doesn't have a timescale but at least one module in design has a timescale.
WARNING: [XSIM 43-4099] "E:/CPU/MIPS32CPU/MIPS32CPU_GaHo/MIPS32CPU_GaHo.srcs/sources_1/new/data_ram.v" Line 4. Module data_ram doesn't have a timescale but at least one module in design has a timescale.
Completed simulation data flow analysis
Time Resolution for simulation is 1ps
Compiling module xil_defaultlib.pc_reg
Compiling module xil_defaultlib.if_id
Compiling module xil_defaultlib.id
Compiling module xil_defaultlib.regfile
Compiling module xil_defaultlib.id_ex
Compiling module xil_defaultlib.ex
Compiling module xil_defaultlib.ex_mem
Compiling module xil_defaultlib.mem
Compiling module xil_defaultlib.mem_wb
Compiling module xil_defaultlib.hilo_reg
Compiling module xil_defaultlib.ctrl
Compiling module xil_defaultlib.div
Compiling module xil_defaultlib.LLbit_reg
Compiling module xil_defaultlib.openmips
Compiling module xil_defaultlib.inst_rom
Compiling module xil_defaultlib.data_ram
Compiling module xil_defaultlib.openmips_min_sopc
Compiling module xil_defaultlib.openmips_min_sopc_tb
Compiling module xil_defaultlib.glbl
Built simulation snapshot openmips_min_sopc_tb_behav

****** Webtalk v2019.2 (64-bit)
  **** SW Build 2708876 on Wed Nov  6 21:40:23 MST 2019
  **** IP Build 2700528 on Thu Nov  7 00:09:20 MST 2019
    ** Copyright 1986-2019 Xilinx, Inc. All Rights Reserved.

source E:/CPU/MIPS32CPU/MIPS32CPU_GaHo/MIPS32CPU_GaHo.sim/sim_1/behav/xsim/xsim.dir/openmips_min_sopc_tb_behav/webtalk/xsim_webtalk.tcl -notrace
webtalk_transmit: Time (s): cpu = 00:00:00 ; elapsed = 00:00:07 . Memory (MB): peak = 92.508 ; gain = 0.000
INFO: [Common 17-206] Exiting Webtalk at Mon Jul 20 14:56:37 2020...
run_program: Time (s): cpu = 00:00:01 ; elapsed = 00:00:14 . Memory (MB): peak = 809.160 ; gain = 0.000
INFO: [USF-XSim-69] 'elaborate' step finished in '15' seconds
INFO: [USF-XSim-4] XSim::Simulate design
INFO: [USF-XSim-61] Executing 'SIMULATE' step in 'E:/CPU/MIPS32CPU/MIPS32CPU_GaHo/MIPS32CPU_GaHo.sim/sim_1/behav/xsim'
INFO: [USF-XSim-98] *** Running xsim
   with args "openmips_min_sopc_tb_behav -key {Behavioral:sim_1:Functional:openmips_min_sopc_tb} -tclbatch {openmips_min_sopc_tb.tcl} -view {E:/CPU/MIPS32CPU/MIPS32CPU_GaHo/mips32_sopc_tb_behav.wcfg} -log {simulate.log}"
INFO: [USF-XSim-8] Loading simulator feature
Vivado Simulator 2019.2
Time resolution is 1 ps
open_wave_config E:/CPU/MIPS32CPU/MIPS32CPU_GaHo/mips32_sopc_tb_behav.wcfg
source openmips_min_sopc_tb.tcl
# set curr_wave [current_wave_config]
# if { [string length $curr_wave] == 0 } {
#   if { [llength [get_objects]] > 0} {
#     add_wave /
#     set_property needs_save false [current_wave_config]
#   } else {
#      send_msg_id Add_Wave-1 WARNING "No top level signals found. Simulator will start without a wave window. If you want to open a wave window go to 'File->New Waveform Configuration' or type 'create_wave_config' in the TCL console."
#   }
# }
# run 1000ns
xsim: Time (s): cpu = 00:00:10 ; elapsed = 00:00:06 . Memory (MB): peak = 832.680 ; gain = 7.656
INFO: [USF-XSim-96] XSim completed. Design snapshot 'openmips_min_sopc_tb_behav' loaded.
INFO: [USF-XSim-97] XSim simulation ran for 1000ns
launch_simulation: Time (s): cpu = 00:00:14 ; elapsed = 00:00:23 . Memory (MB): peak = 832.680 ; gain = 23.520
