#-----------------------------------------------------------
# Vivado v2019.2 (64-bit)
# SW Build 2708876 on Wed Nov  6 21:40:23 MST 2019
# IP Build 2700528 on Thu Nov  7 00:09:20 MST 2019
# Start of session at: Mon Jul 20 10:50:12 2020
# Process ID: 3244
# Current directory: E:/CPU/MIPS32CPU/MIPS32CPU_GaHo
# Command line: vivado.exe -gui_launcher_event rodinguilauncherevent8436 E:\CPU\MIPS32CPU\MIPS32CPU_GaHo\MIPS32CPU_GaHo.xpr
# Log file: E:/CPU/MIPS32CPU/MIPS32CPU_GaHo/vivado.log
# Journal file: E:/CPU/MIPS32CPU/MIPS32CPU_GaHo\vivado.jou
#-----------------------------------------------------------
start_gui
open_project E:/CPU/MIPS32CPU/MIPS32CPU_GaHo/MIPS32CPU_GaHo.xpr
Scanning sources...
Finished scanning sources
INFO: [IP_Flow 19-234] Refreshing IP repositories
INFO: [IP_Flow 19-1704] No user IP repositories specified
INFO: [IP_Flow 19-2313] Loaded Vivado IP repository 'D:/Xilinx/Vivado/2019.2/data/ip'.
open_project: Time (s): cpu = 00:00:19 ; elapsed = 00:00:07 . Memory (MB): peak = 781.086 ; gain = 146.625
update_compile_order -fileset sources_1
exit
INFO: [Common 17-206] Exiting Vivado at Mon Jul 20 11:40:31 2020...
