#-----------------------------------------------------------
# Vivado v2019.2 (64-bit)
# SW Build 2708876 on Wed Nov  6 21:40:23 MST 2019
# IP Build 2700528 on Thu Nov  7 00:09:20 MST 2019
# Start of session at: Sun Jul 19 22:41:04 2020
# Process ID: 13720
# Current directory: E:/CPU/MIPS32CPU/MIPS32CPU_GaHo
# Command line: vivado.exe -gui_launcher_event rodinguilauncherevent13724 E:\CPU\MIPS32CPU\MIPS32CPU_GaHo\MIPS32CPU_GaHo.xpr
# Log file: E:/CPU/MIPS32CPU/MIPS32CPU_GaHo/vivado.log
# Journal file: E:/CPU/MIPS32CPU/MIPS32CPU_GaHo\vivado.jou
#-----------------------------------------------------------
start_gui
open_project E:/CPU/MIPS32CPU/MIPS32CPU_GaHo/MIPS32CPU_GaHo.xpr
CRITICAL WARNING: [Project 1-19] Could not find the file 'E:/CPU/MIPS32CPU/MIPS32CPU_GaHo/MIPS32CPU_GaHo.srcs/sim_1/new/rom.data'.
Scanning sources...
Finished scanning sources
INFO: [IP_Flow 19-234] Refreshing IP repositories
INFO: [IP_Flow 19-1704] No user IP repositories specified
INFO: [IP_Flow 19-2313] Loaded Vivado IP repository 'D:/Xilinx/Vivado/2019.2/data/ip'.
open_project: Time (s): cpu = 00:00:14 ; elapsed = 00:00:07 . Memory (MB): peak = 990.914 ; gain = 113.359
update_compile_order -fileset sources_1
export_ip_user_files -of_objects  [get_files E:/CPU/MIPS32CPU/MIPS32CPU_GaHo/MIPS32CPU_GaHo.srcs/sim_1/new/rom.data] -no_script -reset -force -quiet
remove_files  -fileset sim_1 E:/CPU/MIPS32CPU/MIPS32CPU_GaHo/MIPS32CPU_GaHo.srcs/sim_1/new/rom.data
exit
INFO: [Common 17-206] Exiting Vivado at Sun Jul 19 23:33:23 2020...
