INFO: [VRFC 10-2263] Analyzing Verilog file "E:/CPU/MIPS32CPU/MIPS32CPU_GaHo/MIPS32CPU_GaHo.srcs/sources_1/new/defines.v" into library xil_defaultlib
INFO: [VRFC 10-2263] Analyzing Verilog file "E:/CPU/MIPS32CPU/MIPS32CPU_GaHo/MIPS32CPU_GaHo.srcs/sources_1/new/ex.v" into library xil_defaultlib
INFO: [VRFC 10-311] analyzing module ex
INFO: [VRFC 10-2263] Analyzing Verilog file "E:/CPU/MIPS32CPU/MIPS32CPU_GaHo/MIPS32CPU_GaHo.srcs/sources_1/new/ex_to_mem.v" into library xil_defaultlib
INFO: [VRFC 10-311] analyzing module ex_mem
INFO: [VRFC 10-2263] Analyzing Verilog file "E:/CPU/MIPS32CPU/MIPS32CPU_GaHo/MIPS32CPU_GaHo.srcs/sources_1/new/id.v" into library xil_defaultlib
INFO: [VRFC 10-311] analyzing module id
INFO: [VRFC 10-2263] Analyzing Verilog file "E:/CPU/MIPS32CPU/MIPS32CPU_GaHo/MIPS32CPU_GaHo.srcs/sources_1/new/id_to_ex.v" into library xil_defaultlib
INFO: [VRFC 10-311] analyzing module id_ex
INFO: [VRFC 10-2263] Analyzing Verilog file "E:/CPU/MIPS32CPU/MIPS32CPU_GaHo/MIPS32CPU_GaHo.srcs/sources_1/new/if_to_id.v" into library xil_defaultlib
INFO: [VRFC 10-311] analyzing module if_id
INFO: [VRFC 10-2263] Analyzing Verilog file "E:/CPU/MIPS32CPU/MIPS32CPU_GaHo/MIPS32CPU_GaHo.srcs/sources_1/new/mem.v" into library xil_defaultlib
INFO: [VRFC 10-311] analyzing module mem
INFO: [VRFC 10-2263] Analyzing Verilog file "E:/CPU/MIPS32CPU/MIPS32CPU_GaHo/MIPS32CPU_GaHo.srcs/sources_1/new/mem_wb.v" into library xil_defaultlib
INFO: [VRFC 10-311] analyzing module mem_wb
INFO: [VRFC 10-2263] Analyzing Verilog file "E:/CPU/MIPS32CPU/MIPS32CPU_GaHo/MIPS32CPU_GaHo.srcs/sources_1/new/mips32.v" into library xil_defaultlib
INFO: [VRFC 10-311] analyzing module openmips
INFO: [VRFC 10-2263] Analyzing Verilog file "E:/CPU/MIPS32CPU/MIPS32CPU_GaHo/MIPS32CPU_GaHo.srcs/sources_1/new/mips32_sopc.v" into library xil_defaultlib
INFO: [VRFC 10-311] analyzing module openmips_min_sopc
INFO: [VRFC 10-2263] Analyzing Verilog file "E:/CPU/MIPS32CPU/MIPS32CPU_GaHo/MIPS32CPU_GaHo.srcs/sources_1/new/pc_reg.v" into library xil_defaultlib
INFO: [VRFC 10-311] analyzing module pc_reg
INFO: [VRFC 10-2263] Analyzing Verilog file "E:/CPU/MIPS32CPU/MIPS32CPU_GaHo/MIPS32CPU_GaHo.srcs/sources_1/new/regfile.v" into library xil_defaultlib
INFO: [VRFC 10-311] analyzing module regfile
INFO: [VRFC 10-2263] Analyzing Verilog file "E:/CPU/MIPS32CPU/MIPS32CPU_GaHo/MIPS32CPU_GaHo.srcs/sources_1/new/rom.v" into library xil_defaultlib
INFO: [VRFC 10-311] analyzing module inst_rom
INFO: [VRFC 10-2263] Analyzing Verilog file "E:/CPU/MIPS32CPU/MIPS32CPU_GaHo/MIPS32CPU_GaHo.srcs/sim_1/new/mips32_sopc_tb.v" into library xil_defaultlib
INFO: [VRFC 10-311] analyzing module openmips_min_sopc_tb
